<?xml version="1.0" encoding="UTF-8"?>
<coverage generated="1614710426004" clover="3.2.0">
  <project timestamp="1614710426004" name="All files">
    <metrics statements="41" coveredstatements="41" conditionals="21" coveredconditionals="21" methods="10" coveredmethods="10" elements="72" coveredelements="72" complexity="0" loc="41" ncloc="41" packages="1" files="5" classes="5"/>
    <file name="getMinMax.js" path="C:\Users\дом\unit-tests-hw\getMinMax.js">
      <metrics statements="6" coveredstatements="6" conditionals="0" coveredconditionals="0" methods="3" coveredmethods="3"/>
      <line num="20" count="9" type="stmt"/>
      <line num="22" count="9" type="stmt"/>
      <line num="23" count="35" type="stmt"/>
      <line num="24" count="35" type="stmt"/>
      <line num="26" count="9" type="stmt"/>
      <line num="29" count="1" type="stmt"/>
    </file>
    <file name="meanMode.js" path="C:\Users\дом\unit-tests-hw\meanMode.js">
      <metrics statements="18" coveredstatements="18" conditionals="10" coveredconditionals="10" methods="2" coveredmethods="2"/>
      <line num="24" count="7" type="cond" truecount="2" falsecount="0"/>
      <line num="25" count="1" type="stmt"/>
      <line num="28" count="6" type="stmt"/>
      <line num="29" count="6" type="stmt"/>
      <line num="30" count="24" type="cond" truecount="2" falsecount="0"/>
      <line num="31" count="8" type="stmt"/>
      <line num="33" count="16" type="stmt"/>
      <line num="36" count="24" type="stmt"/>
      <line num="38" count="6" type="stmt"/>
      <line num="43" count="6" type="stmt"/>
      <line num="44" count="16" type="cond" truecount="2" falsecount="0"/>
      <line num="45" count="7" type="stmt"/>
      <line num="46" count="7" type="stmt"/>
      <line num="49" count="6" type="stmt"/>
      <line num="50" count="13" type="cond" truecount="4" falsecount="0"/>
      <line num="51" count="2" type="stmt"/>
      <line num="55" count="4" type="stmt"/>
      <line num="59" count="1" type="stmt"/>
    </file>
    <file name="passwordCheck.js" path="C:\Users\дом\unit-tests-hw\passwordCheck.js">
      <metrics statements="6" coveredstatements="6" conditionals="5" coveredconditionals="5" methods="1" coveredmethods="1"/>
      <line num="23" count="12" type="stmt"/>
      <line num="24" count="12" type="stmt"/>
      <line num="25" count="12" type="stmt"/>
      <line num="26" count="12" type="stmt"/>
      <line num="28" count="12" type="cond" truecount="5" falsecount="0"/>
      <line num="31" count="1" type="stmt"/>
    </file>
    <file name="rle.js" path="C:\Users\дом\unit-tests-hw\rle.js">
      <metrics statements="2" coveredstatements="2" conditionals="2" coveredconditionals="2" methods="2" coveredmethods="2"/>
      <line num="17" count="23" type="cond" truecount="2" falsecount="0"/>
      <line num="20" count="1" type="stmt"/>
    </file>
    <file name="sum.js" path="C:\Users\дом\unit-tests-hw\sum.js">
      <metrics statements="9" coveredstatements="9" conditionals="4" coveredconditionals="4" methods="2" coveredmethods="2"/>
      <line num="15" count="4" type="cond" truecount="2" falsecount="0"/>
      <line num="16" count="1" type="stmt"/>
      <line num="19" count="3" type="stmt"/>
      <line num="22" count="7" type="cond" truecount="2" falsecount="0"/>
      <line num="23" count="3" type="stmt"/>
      <line num="26" count="4" type="stmt"/>
      <line num="28" count="4" type="stmt"/>
      <line num="31" count="3" type="stmt"/>
      <line num="35" count="1" type="stmt"/>
    </file>
  </project>
</coverage>
