<?xml version="1.0" encoding="UTF-8"?>
<coverage generated="1615569850268" clover="3.2.0">
  <project timestamp="1615569850269" name="All files">
    <metrics statements="39" coveredstatements="34" conditionals="8" coveredconditionals="5" methods="13" coveredmethods="13" elements="60" coveredelements="52" complexity="0" loc="39" ncloc="39" packages="1" files="2" classes="2"/>
    <file name="makeRequests.js" path="C:\Users\дом\unit-tests-hw\makeRequests.js">
      <metrics statements="35" coveredstatements="30" conditionals="8" coveredconditionals="5" methods="9" coveredmethods="9"/>
      <line num="1" count="1" type="stmt"/>
      <line num="23" count="1" type="stmt"/>
      <line num="24" count="7" type="stmt"/>
      <line num="25" count="7" type="stmt"/>
      <line num="26" count="11" type="cond" truecount="1" falsecount="1"/>
      <line num="27" count="0" type="stmt"/>
      <line num="28" count="0" type="stmt"/>
      <line num="29" count="0" type="stmt"/>
      <line num="32" count="11" type="stmt"/>
      <line num="33" count="11" type="stmt"/>
      <line num="34" count="11" type="stmt"/>
      <line num="35" count="11" type="stmt"/>
      <line num="37" count="7" type="stmt"/>
      <line num="38" count="7" type="stmt"/>
      <line num="40" count="7" type="stmt"/>
      <line num="41" count="9" type="stmt"/>
      <line num="42" count="8" type="stmt"/>
      <line num="43" count="8" type="stmt"/>
      <line num="45" count="8" type="stmt"/>
      <line num="46" count="8" type="stmt"/>
      <line num="49" count="7" type="stmt"/>
      <line num="50" count="1" type="stmt"/>
      <line num="53" count="7" type="stmt"/>
      <line num="54" count="15" type="cond" truecount="1" falsecount="1"/>
      <line num="55" count="0" type="stmt"/>
      <line num="56" count="0" type="stmt"/>
      <line num="59" count="15" type="cond" truecount="2" falsecount="0"/>
      <line num="60" count="9" type="stmt"/>
      <line num="62" count="9" type="cond" truecount="1" falsecount="1"/>
      <line num="63" count="9" type="stmt"/>
      <line num="68" count="9" type="stmt"/>
      <line num="69" count="9" type="stmt"/>
      <line num="72" count="9" type="stmt"/>
      <line num="76" count="7" type="stmt"/>
      <line num="80" count="1" type="stmt"/>
    </file>
    <file name="rejectOnTimeout.js" path="C:\Users\дом\unit-tests-hw\rejectOnTimeout.js">
      <metrics statements="4" coveredstatements="4" conditionals="0" coveredconditionals="0" methods="4" coveredmethods="4"/>
      <line num="13" count="5" type="stmt"/>
      <line num="14" count="5" type="stmt"/>
      <line num="16" count="5" type="stmt"/>
      <line num="19" count="1" type="stmt"/>
    </file>
  </project>
</coverage>
