{"C:\\Users\\дом\\unit-tests-hw\\makeRequests.js": {"path":"C:\\Users\\дом\\unit-tests-hw\\makeRequests.js","statementMap":{"0":{"start":{"line":1,"column":14},"end":{"line":1,"column":30}},"1":{"start":{"line":23,"column":21},"end":{"line":78,"column":1}},"2":{"start":{"line":24,"column":20},"end":{"line":24,"column":22}},"3":{"start":{"line":25,"column":23},"end":{"line":36,"column":10}},"4":{"start":{"line":26,"column":8},"end":{"line":30,"column":9}},"5":{"start":{"line":27,"column":12},"end":{"line":27,"column":64}},"6":{"start":{"line":28,"column":12},"end":{"line":28,"column":42}},"7":{"start":{"line":29,"column":12},"end":{"line":29,"column":23}},"8":{"start":{"line":32,"column":8},"end":{"line":32,"column":24}},"9":{"start":{"line":33,"column":8},"end":{"line":33,"column":37}},"10":{"start":{"line":34,"column":8},"end":{"line":34,"column":38}},"11":{"start":{"line":35,"column":8},"end":{"line":35,"column":19}},"12":{"start":{"line":37,"column":18},"end":{"line":37,"column":19}},"13":{"start":{"line":38,"column":23},"end":{"line":38,"column":24}},"14":{"start":{"line":40,"column":4},"end":{"line":77,"column":7}},"15":{"start":{"line":41,"column":32},"end":{"line":47,"column":9}},"16":{"start":{"line":41,"column":41},"end":{"line":47,"column":9}},"17":{"start":{"line":42,"column":12},"end":{"line":42,"column":47}},"18":{"start":{"line":43,"column":12},"end":{"line":43,"column":80}},"19":{"start":{"line":43,"column":53},"end":{"line":43,"column":78}},"20":{"start":{"line":45,"column":12},"end":{"line":45,"column":22}},"21":{"start":{"line":46,"column":12},"end":{"line":46,"column":30}},"22":{"start":{"line":49,"column":32},"end":{"line":51,"column":9}},"23":{"start":{"line":50,"column":12},"end":{"line":50,"column":24}},"24":{"start":{"line":53,"column":32},"end":{"line":74,"column":9}},"25":{"start":{"line":54,"column":12},"end":{"line":57,"column":13}},"26":{"start":{"line":54,"column":40},"end":{"line":54,"column":45}},"27":{"start":{"line":55,"column":16},"end":{"line":55,"column":33}},"28":{"start":{"line":56,"column":16},"end":{"line":56,"column":23}},"29":{"start":{"line":59,"column":12},"end":{"line":73,"column":13}},"30":{"start":{"line":60,"column":28},"end":{"line":60,"column":46}},"31":{"start":{"line":62,"column":16},"end":{"line":70,"column":17}},"32":{"start":{"line":63,"column":20},"end":{"line":66,"column":69}},"33":{"start":{"line":68,"column":20},"end":{"line":68,"column":58}},"34":{"start":{"line":69,"column":20},"end":{"line":69,"column":30}},"35":{"start":{"line":72,"column":16},"end":{"line":72,"column":31}},"36":{"start":{"line":76,"column":8},"end":{"line":76,"column":26}},"37":{"start":{"line":80,"column":0},"end":{"line":80,"column":34}}},"fnMap":{"0":{"name":"(anonymous_0)","decl":{"start":{"line":23,"column":21},"end":{"line":23,"column":22}},"loc":{"start":{"line":23,"column":44},"end":{"line":78,"column":1}},"line":23},"1":{"name":"(anonymous_1)","decl":{"start":{"line":25,"column":35},"end":{"line":25,"column":36}},"loc":{"start":{"line":25,"column":58},"end":{"line":36,"column":5}},"line":25},"2":{"name":"(anonymous_2)","decl":{"start":{"line":40,"column":23},"end":{"line":40,"column":24}},"loc":{"start":{"line":40,"column":44},"end":{"line":77,"column":5}},"line":40},"3":{"name":"(anonymous_3)","decl":{"start":{"line":41,"column":32},"end":{"line":41,"column":33}},"loc":{"start":{"line":41,"column":41},"end":{"line":47,"column":9}},"line":41},"4":{"name":"(anonymous_4)","decl":{"start":{"line":41,"column":41},"end":{"line":41,"column":42}},"loc":{"start":{"line":41,"column":48},"end":{"line":47,"column":9}},"line":41},"5":{"name":"(anonymous_5)","decl":{"start":{"line":43,"column":44},"end":{"line":43,"column":45}},"loc":{"start":{"line":43,"column":53},"end":{"line":43,"column":78}},"line":43},"6":{"name":"(anonymous_6)","decl":{"start":{"line":49,"column":32},"end":{"line":49,"column":33}},"loc":{"start":{"line":49,"column":39},"end":{"line":51,"column":9}},"line":49},"7":{"name":"(anonymous_7)","decl":{"start":{"line":53,"column":32},"end":{"line":53,"column":33}},"loc":{"start":{"line":53,"column":38},"end":{"line":74,"column":9}},"line":53},"8":{"name":"(anonymous_8)","decl":{"start":{"line":54,"column":31},"end":{"line":54,"column":32}},"loc":{"start":{"line":54,"column":40},"end":{"line":54,"column":45}},"line":54}},"branchMap":{"0":{"loc":{"start":{"line":26,"column":8},"end":{"line":30,"column":9}},"type":"if","locations":[{"start":{"line":26,"column":8},"end":{"line":30,"column":9}},{"start":{"line":26,"column":8},"end":{"line":30,"column":9}}],"line":26},"1":{"loc":{"start":{"line":54,"column":12},"end":{"line":57,"column":13}},"type":"if","locations":[{"start":{"line":54,"column":12},"end":{"line":57,"column":13}},{"start":{"line":54,"column":12},"end":{"line":57,"column":13}}],"line":54},"2":{"loc":{"start":{"line":59,"column":19},"end":{"line":59,"column":70}},"type":"binary-expr","locations":[{"start":{"line":59,"column":19},"end":{"line":59,"column":40}},{"start":{"line":59,"column":44},"end":{"line":59,"column":70}}],"line":59},"3":{"loc":{"start":{"line":62,"column":16},"end":{"line":70,"column":17}},"type":"if","locations":[{"start":{"line":62,"column":16},"end":{"line":70,"column":17}},{"start":{"line":62,"column":16},"end":{"line":70,"column":17}}],"line":62}},"s":{"0":1,"1":1,"2":7,"3":7,"4":11,"5":0,"6":0,"7":0,"8":11,"9":11,"10":11,"11":11,"12":7,"13":7,"14":7,"15":7,"16":9,"17":8,"18":8,"19":8,"20":8,"21":8,"22":7,"23":1,"24":7,"25":15,"26":11,"27":0,"28":0,"29":15,"30":9,"31":9,"32":9,"33":9,"34":9,"35":9,"36":7,"37":1},"f":{"0":7,"1":11,"2":7,"3":9,"4":8,"5":8,"6":1,"7":15,"8":11},"b":{"0":[0,11],"1":[0,15],"2":[24,17],"3":[9,0]},"_coverageSchema":"1a1c01bbd47fc00a2c39e90264f33305004495a9","hash":"206dbaede9b2b394f75a77aa84f992da57cb002f"}
,"C:\\Users\\дом\\unit-tests-hw\\rejectOnTimeout.js": {"path":"C:\\Users\\дом\\unit-tests-hw\\rejectOnTimeout.js","statementMap":{"0":{"start":{"line":13,"column":24},"end":{"line":17,"column":2}},"1":{"start":{"line":13,"column":41},"end":{"line":17,"column":2}},"2":{"start":{"line":14,"column":18},"end":{"line":14,"column":63}},"3":{"start":{"line":14,"column":35},"end":{"line":14,"column":58}},"4":{"start":{"line":16,"column":4},"end":{"line":16,"column":75}},"5":{"start":{"line":16,"column":26},"end":{"line":16,"column":45}},"6":{"start":{"line":19,"column":0},"end":{"line":19,"column":37}}},"fnMap":{"0":{"name":"(anonymous_0)","decl":{"start":{"line":13,"column":24},"end":{"line":13,"column":25}},"loc":{"start":{"line":13,"column":41},"end":{"line":17,"column":2}},"line":13},"1":{"name":"(anonymous_1)","decl":{"start":{"line":13,"column":53},"end":{"line":13,"column":54}},"loc":{"start":{"line":13,"column":74},"end":{"line":17,"column":1}},"line":13},"2":{"name":"(anonymous_2)","decl":{"start":{"line":14,"column":29},"end":{"line":14,"column":30}},"loc":{"start":{"line":14,"column":35},"end":{"line":14,"column":58}},"line":14},"3":{"name":"(anonymous_3)","decl":{"start":{"line":16,"column":20},"end":{"line":16,"column":21}},"loc":{"start":{"line":16,"column":26},"end":{"line":16,"column":45}},"line":16}},"branchMap":{},"s":{"0":1,"1":5,"2":5,"3":1,"4":5,"5":4,"6":1},"f":{"0":5,"1":5,"2":1,"3":4},"b":{},"_coverageSchema":"1a1c01bbd47fc00a2c39e90264f33305004495a9","hash":"255da67fe519ae629a5ed717da5d1b26dae4f3c0"}
}
