TN:
SF:makeRequests.js
FN:23,(anonymous_0)
FN:25,(anonymous_1)
FN:40,(anonymous_2)
FN:41,(anonymous_3)
FN:41,(anonymous_4)
FN:43,(anonymous_5)
FN:49,(anonymous_6)
FN:53,(anonymous_7)
FN:54,(anonymous_8)
FNF:9
FNH:9
FNDA:7,(anonymous_0)
FNDA:11,(anonymous_1)
FNDA:7,(anonymous_2)
FNDA:9,(anonymous_3)
FNDA:8,(anonymous_4)
FNDA:8,(anonymous_5)
FNDA:1,(anonymous_6)
FNDA:15,(anonymous_7)
FNDA:11,(anonymous_8)
DA:1,1
DA:23,1
DA:24,7
DA:25,7
DA:26,11
DA:27,0
DA:28,0
DA:29,0
DA:32,11
DA:33,11
DA:34,11
DA:35,11
DA:37,7
DA:38,7
DA:40,7
DA:41,9
DA:42,8
DA:43,8
DA:45,8
DA:46,8
DA:49,7
DA:50,1
DA:53,7
DA:54,15
DA:55,0
DA:56,0
DA:59,15
DA:60,9
DA:62,9
DA:63,9
DA:68,9
DA:69,9
DA:72,9
DA:76,7
DA:80,1
LF:35
LH:30
BRDA:26,0,0,0
BRDA:26,0,1,11
BRDA:54,1,0,0
BRDA:54,1,1,15
BRDA:59,2,0,24
BRDA:59,2,1,17
BRDA:62,3,0,9
BRDA:62,3,1,0
BRF:8
BRH:5
end_of_record
TN:
SF:rejectOnTimeout.js
FN:13,(anonymous_0)
FN:13,(anonymous_1)
FN:14,(anonymous_2)
FN:16,(anonymous_3)
FNF:4
FNH:4
FNDA:5,(anonymous_0)
FNDA:5,(anonymous_1)
FNDA:1,(anonymous_2)
FNDA:4,(anonymous_3)
DA:13,5
DA:14,5
DA:16,5
DA:19,1
LF:4
LH:4
BRF:0
BRH:0
end_of_record
